<?xml version="1.0" encoding="UTF-8"?>
<!-- Generated by org.testng.reporters.JUnitReportReporter -->
<testsuite hostname="LAPTOP-C4RVU5V1" failures="0" tests="3" name="testClasses.LandingPageTestClass" time="1.304" errors="0" timestamp="2023-05-04T15:44:15 IST" skipped="0">
  <testcase classname="testClasses.LandingPageTestClass" name="verifyHealthInsuranceIconIsDisplayed" time="0.190"/>
  <system-out/>
  <testcase classname="testClasses.LandingPageTestClass" name="verifyHealthInsuranceIconText" time="0.841"/>
  <system-out/>
  <testcase classname="testClasses.LandingPageTestClass" name="verifyHealthInsuranceIconIsClickable" time="0.273"/>
  <system-out/>
</testsuite> <!-- testClasses.LandingPageTestClass -->
