<?xml version="1.0" encoding="UTF-8"?>
<!-- Generated by org.testng.reporters.JUnitReportReporter -->
<testsuite hostname="LAPTOP-C4RVU5V1" failures="0" tests="4" name="testClasses.LandingPageTestClass" time="9.226" errors="0" timestamp="2023-05-08T09:54:32 IST" skipped="0">
  <testcase classname="testClasses.LandingPageTestClass" name="verifyHealthInsuranceIconIsDisplayed" time="0.143"/>
  <system-out/>
  <testcase classname="testClasses.LandingPageTestClass" name="verifyHealthInsuranceIconText" time="0.684"/>
  <system-out/>
  <testcase classname="testClasses.LandingPageTestClass" name="verifyHealthInsuranceIconIsClickable" time="6.714"/>
  <system-out/>
  <testcase classname="testClasses.LandingPageTestClass" name="moveToQuotePage1URL" time="1.685"/>
  <system-out/>
</testsuite> <!-- testClasses.LandingPageTestClass -->
