<?xml version="1.0" encoding="UTF-8"?>
<!-- Generated by org.testng.reporters.JUnitReportReporter -->
<testsuite hostname="LAPTOP-C4RVU5V1" failures="0" tests="4" name="testClasses.LandingPageTestClass" time="10.076" errors="0" timestamp="2023-05-08T10:03:40 IST" skipped="0">
  <testcase classname="testClasses.LandingPageTestClass" name="verifyHealthInsuranceIconIsDisplayed" time="0.473"/>
  <system-out/>
  <testcase classname="testClasses.LandingPageTestClass" name="verifyHealthInsuranceIconText" time="0.673"/>
  <system-out/>
  <testcase classname="testClasses.LandingPageTestClass" name="verifyHealthInsuranceIconIsClickable" time="7.399"/>
  <system-out/>
  <testcase classname="testClasses.LandingPageTestClass" name="moveToQuotePage1URL" time="1.531"/>
  <system-out/>
</testsuite> <!-- testClasses.LandingPageTestClass -->
