<?xml version="1.0" encoding="UTF-8"?>
<!-- Generated by org.testng.reporters.JUnitReportReporter -->
<testsuite hostname="LAPTOP-C4RVU5V1" failures="0" tests="3" name="testClasses.LandingPageTestClass" time="8.442" errors="0" timestamp="2023-05-06T11:19:53 IST" skipped="0">
  <testcase classname="testClasses.LandingPageTestClass" name="verifyHealthInsuranceIconIsDisplayed" time="0.127"/>
  <system-out/>
  <testcase classname="testClasses.LandingPageTestClass" name="verifyHealthInsuranceIconText" time="0.717"/>
  <system-out/>
  <testcase classname="testClasses.LandingPageTestClass" name="verifyHealthInsuranceIconIsClickable" time="7.598"/>
  <system-out/>
</testsuite> <!-- testClasses.LandingPageTestClass -->
